TN:
SF:/home/tison/Desktop/Secure_and_Dependable_Systems-master/HW1/rpnc/src/rpn.c
FN:12,rpn_eval
FNDA:12,rpn_eval
FNF:1
FNH:1
DA:12,12
DA:13,12
DA:14,12
DA:15,12
DA:16,12
DA:17,12
DA:18,33
DA:20,28
DA:22,88
DA:23,32
DA:24,11
DA:25,32
DA:28,28
DA:29,8
DA:30,28
DA:31,2
DA:32,2
DA:34,26
DA:35,1
DA:36,1
DA:37,1
DA:43,25
DA:44,24
DA:45,2
DA:46,2
DA:47,2
DA:53,23
DA:54,1
DA:55,1
DA:56,1
DA:59,22
DA:60,1
DA:61,1
DA:62,1
DA:67,21
DA:69,21
DA:74,21
DA:75,2
DA:76,2
DA:77,2
DA:78,2
DA:79,2
DA:80,2
DA:82,21
DA:83,1
DA:84,1
DA:85,1
DA:86,1
DA:87,1
DA:88,1
DA:90,21
DA:91,2
DA:92,2
DA:93,2
DA:94,2
DA:95,2
DA:96,2
DA:98,21
DA:99,1
DA:100,1
DA:101,1
DA:102,1
DA:103,1
DA:104,1
DA:108,7
DA:109,7
DA:111,7
DA:113,7
DA:114,7
DA:115,7
LF:70
LH:70
end_of_record
TN:
SF:/home/tison/Desktop/Secure_and_Dependable_Systems-master/HW1/rpnc/src/stack.c
FN:9,stack_new
FN:16,stack_push
FN:24,stack_empty
FN:28,stack_pop
FN:41,stack_peek
FN:52,stack_del
FNDA:13,stack_new
FNDA:129,stack_push
FNDA:412,stack_empty
FNDA:126,stack_pop
FNDA:185,stack_peek
FNDA:13,stack_del
FNF:6
FNH:6
DA:9,13
DA:10,13
DA:11,13
DA:12,13
DA:13,13
DA:16,129
DA:17,129
DA:18,129
DA:19,129
DA:20,129
DA:21,129
DA:22,129
DA:24,412
DA:25,412
DA:28,126
DA:29,126
DA:30,1
DA:32,125
DA:33,125
DA:34,125
DA:35,125
DA:36,125
DA:37,125
DA:41,185
DA:42,185
DA:43,1
DA:45,184
DA:46,184
DA:47,184
DA:48,184
DA:52,13
DA:53,13
DA:54,13
DA:55,13
LF:34
LH:34
end_of_record
TN:
SF:/home/tison/Desktop/Secure_and_Dependable_Systems-master/HW1/rpnc/test/check-rpn.c
FN:13,test_stack
FN:38,test_rpn
FN:69,test_rpn_err
FN:101,gdb_suite
FN:120,main
FNDA:1,test_stack
FNDA:1,test_rpn
FNDA:1,test_rpn_err
FNDA:4,gdb_suite
FNDA:4,main
FNF:5
FNH:5
DA:13,1
DA:16,1
DA:17,1
DA:18,1
DA:19,101
DA:20,100
DA:21,100
DA:22,100
DA:24,102
DA:25,100
DA:26,100
DA:27,100
DA:28,100
DA:29,100
DA:30,100
DA:31,100
DA:32,100
DA:34,1
DA:36,1
DA:38,1
DA:40,1
DA:49,1
DA:58,7
DA:59,6
DA:60,6
DA:61,6
DA:62,6
DA:63,6
DA:64,6
DA:67,1
DA:69,1
DA:71,1
DA:80,1
DA:89,7
DA:90,6
DA:91,6
DA:92,6
DA:93,6
DA:94,6
DA:95,6
DA:98,1
DA:101,4
DA:106,4
DA:107,4
DA:108,4
DA:109,4
DA:111,4
DA:112,4
DA:113,4
DA:114,4
DA:115,4
DA:116,4
DA:117,4
DA:120,4
DA:126,4
DA:127,4
DA:129,4
DA:130,1
DA:131,1
DA:132,1
LF:60
LH:60
end_of_record
