TN:
SF:/home/tison/Downloads/stack/src/stack.c
FN:9,stack_new
FN:16,stack_push
FN:24,stack_empty
FN:28,stack_pop
FN:41,stack_peek
FN:52,stack_del
FNDA:1,stack_new
FNDA:100,stack_push
FNDA:303,stack_empty
FNDA:101,stack_pop
FNDA:101,stack_peek
FNDA:1,stack_del
FNF:6
FNH:6
DA:9,1
DA:10,1
DA:11,1
DA:12,1
DA:13,1
DA:16,100
DA:17,100
DA:18,100
DA:19,100
DA:20,100
DA:21,100
DA:22,100
DA:24,303
DA:25,303
DA:28,101
DA:29,101
DA:30,1
DA:32,100
DA:33,100
DA:34,100
DA:35,100
DA:36,100
DA:37,100
DA:41,101
DA:42,101
DA:43,1
DA:45,100
DA:46,100
DA:47,100
DA:48,100
DA:52,1
DA:53,1
DA:54,1
DA:55,1
LF:34
LH:34
end_of_record
TN:
SF:/home/tison/Downloads/stack/test/check-stack.c
FN:12,test_stack
FN:38,gdb_suite
FN:51,main
FNDA:1,test_stack
FNDA:2,gdb_suite
FNDA:2,main
FNF:3
FNH:3
DA:12,1
DA:15,1
DA:16,1
DA:17,1
DA:18,101
DA:19,100
DA:20,100
DA:21,100
DA:23,102
DA:24,100
DA:25,100
DA:26,100
DA:27,100
DA:28,100
DA:29,100
DA:30,100
DA:31,100
DA:33,1
DA:35,1
DA:38,2
DA:43,2
DA:44,2
DA:46,2
DA:47,2
DA:48,2
DA:51,2
DA:57,2
DA:58,2
DA:60,2
DA:61,1
DA:62,1
DA:63,1
LF:32
LH:32
end_of_record
