Start testing: Feb 26 23:11 CET
----------------------------------------------------------
1/1 Testing: misc
1/1 Test: misc
Command: "/home/tison/Downloads/rpnc/build/test/check-rpn"
Directory: /home/tison/Downloads/rpnc/build
"misc" start time: Feb 26 23:11 CET
Output:
----------------------------------------------------------
Running suite(s): all
rpnc: invalid token 'foo'
rpnc: missing operand
rpnc: missing operand
rpnc: missing operator
rpnc: missing operator
Denominator cannot equal to 0
100%: Checks: 3, Failures: 0, Errors: 0
<end of output>
Test time =   0.01 sec
----------------------------------------------------------
Test Passed.
"misc" end time: Feb 26 23:11 CET
"misc" time elapsed: 00:00:00
----------------------------------------------------------

End testing: Feb 26 23:11 CET
