TN:
SF:/home/tison/Downloads/Secure_and_Dependable_Systems-master/rpnc/src/rpn.c
FN:12,rpn_eval
FNDA:13,rpn_eval
FNF:1
FNH:1
DA:12,13
DA:13,13
DA:14,13
DA:15,13
DA:16,13
DA:17,13
DA:18,36
DA:20,31
DA:22,31
DA:24,97
DA:25,35
DA:26,12
DA:27,35
DA:30,31
DA:31,9
DA:32,31
DA:33,2
DA:34,2
DA:36,29
DA:37,1
DA:38,1
DA:39,1
DA:45,28
DA:46,27
DA:47,2
DA:48,2
DA:49,2
DA:55,26
DA:56,1
DA:57,1
DA:58,1
DA:61,25
DA:62,1
DA:63,1
DA:64,1
DA:69,24
DA:71,24
DA:76,24
DA:77,2
DA:78,2
DA:79,2
DA:80,2
DA:81,2
DA:82,2
DA:84,24
DA:85,1
DA:86,1
DA:87,1
DA:88,1
DA:89,1
DA:90,1
DA:92,24
DA:93,2
DA:94,2
DA:95,2
DA:96,2
DA:97,2
DA:98,2
DA:100,24
DA:101,2
DA:102,2
DA:103,2
DA:105,2
DA:106,1
DA:107,1
DA:108,1
DA:110,1
DA:111,1
DA:112,1
DA:116,7
DA:117,7
DA:119,7
DA:121,7
DA:122,7
DA:123,7
LF:75
LH:75
end_of_record
TN:
SF:/home/tison/Downloads/Secure_and_Dependable_Systems-master/rpnc/src/stack.c
FN:9,stack_new
FN:16,stack_push
FN:24,stack_empty
FN:28,stack_pop
FN:41,stack_peek
FN:52,stack_del
FNDA:14,stack_new
FNDA:132,stack_push
FNDA:427,stack_empty
FNDA:129,stack_pop
FNDA:197,stack_peek
FNDA:14,stack_del
FNF:6
FNH:6
DA:9,14
DA:10,14
DA:11,14
DA:12,14
DA:13,14
DA:16,132
DA:17,132
DA:18,132
DA:19,132
DA:20,132
DA:21,132
DA:22,132
DA:24,427
DA:25,427
DA:28,129
DA:29,129
DA:30,1
DA:32,128
DA:33,128
DA:34,128
DA:35,128
DA:36,128
DA:37,128
DA:41,197
DA:42,197
DA:43,1
DA:45,196
DA:46,196
DA:47,196
DA:48,196
DA:52,14
DA:53,14
DA:54,14
DA:55,14
LF:34
LH:34
end_of_record
TN:
SF:/home/tison/Downloads/Secure_and_Dependable_Systems-master/rpnc/test/check-rpn.c
FN:13,test_stack
FN:38,test_rpn
FN:69,test_rpn_err
FN:103,gdb_suite
FN:122,main
FNDA:1,test_stack
FNDA:1,test_rpn
FNDA:1,test_rpn_err
FNDA:4,gdb_suite
FNDA:4,main
FNF:5
FNH:5
DA:13,1
DA:16,1
DA:17,1
DA:18,1
DA:19,101
DA:20,100
DA:21,100
DA:22,100
DA:24,102
DA:25,100
DA:26,100
DA:27,100
DA:28,100
DA:29,100
DA:30,100
DA:31,100
DA:32,100
DA:34,1
DA:36,1
DA:38,1
DA:40,1
DA:49,1
DA:58,7
DA:59,6
DA:60,6
DA:61,6
DA:62,6
DA:63,6
DA:64,6
DA:67,1
DA:69,1
DA:71,1
DA:81,1
DA:91,8
DA:92,7
DA:93,7
DA:94,7
DA:95,7
DA:96,7
DA:97,7
DA:100,1
DA:103,4
DA:108,4
DA:109,4
DA:110,4
DA:111,4
DA:113,4
DA:114,4
DA:115,4
DA:116,4
DA:117,4
DA:118,4
DA:119,4
DA:122,4
DA:128,4
DA:129,4
DA:131,4
DA:132,1
DA:133,1
DA:134,1
LF:60
LH:60
end_of_record
