TN:
SF:/home/tison/Downloads/Secure_and_Dependable_Systems-master/stack/src/stack.c
FN:9,stack_new
FN:16,stack_push
FN:24,stack_empty
FN:28,stack_pop
FN:41,stack_peek
FN:52,stack_del
FNDA:1,stack_new
FNDA:101,stack_push
FNDA:305,stack_empty
FNDA:102,stack_pop
FNDA:102,stack_peek
FNDA:1,stack_del
FNF:6
FNH:6
DA:9,1
DA:10,1
DA:11,1
DA:12,1
DA:13,1
DA:16,101
DA:17,101
DA:18,101
DA:19,101
DA:20,101
DA:21,101
DA:22,101
DA:24,305
DA:25,305
DA:28,102
DA:29,102
DA:30,1
DA:32,101
DA:33,101
DA:34,101
DA:35,101
DA:36,101
DA:37,101
DA:41,102
DA:42,102
DA:43,1
DA:45,101
DA:46,101
DA:47,101
DA:48,101
DA:52,1
DA:53,1
DA:54,1
DA:55,1
LF:34
LH:34
end_of_record
TN:
SF:/home/tison/Downloads/Secure_and_Dependable_Systems-master/stack/test/check-stack.c
FN:12,test_stack
FN:54,gdb_suite
FN:67,main
FNDA:1,test_stack
FNDA:2,gdb_suite
FNDA:2,main
FNF:3
FNH:3
DA:12,1
DA:15,1
DA:16,1
DA:17,1
DA:18,101
DA:19,100
DA:20,100
DA:21,100
DA:23,1
DA:24,1
DA:25,1
DA:26,1
DA:28,1
DA:29,1
DA:30,1
DA:31,1
DA:33,1
DA:34,1
DA:35,1
DA:36,1
DA:39,102
DA:40,100
DA:41,100
DA:42,100
DA:43,100
DA:44,100
DA:45,100
DA:46,100
DA:47,100
DA:49,1
DA:51,1
DA:54,2
DA:59,2
DA:60,2
DA:62,2
DA:63,2
DA:64,2
DA:67,2
DA:73,2
DA:74,2
DA:76,2
DA:77,1
DA:78,1
DA:79,1
LF:44
LH:44
end_of_record
